build/outputs/logs/manifest-merger-debug-report.txt
-- Merging decision tree log ---
manifest
ADDED from src\main\AndroidManifest.xml:2:1-135:12
	package
		ADDED from src\main\AndroidManifest.xml:3:5-32
		INJECTED from src\main\AndroidManifest.xml
		INJECTED from src\main\AndroidManifest.xml
	android:versionName
		ADDED from src\main\AndroidManifest.xml:5:5-30
		INJECTED from src\main\AndroidManifest.xml
		INJECTED from src\main\AndroidManifest.xml
	android:versionCode
		ADDED from src\main\AndroidManifest.xml:4:5-28
		INJECTED from src\main\AndroidManifest.xml
		INJECTED from src\main\AndroidManifest.xml
	xmlns:android
		ADDED from src\main\AndroidManifest.xml:2:11-69
uses-permission#android.permission.WRITE_EXTERNAL_STORAGE
ADDED from src\main\AndroidManifest.xml:6:5-81
	android:name
		ADDED from src\main\AndroidManifest.xml:6:22-78
uses-permission#android.permission.INTERNET
ADDED from src\main\AndroidManifest.xml:7:5-67
	android:name
		ADDED from src\main\AndroidManifest.xml:7:22-64
uses-permission#android.permission.READ_PHONE_STATE
ADDED from src\main\AndroidManifest.xml:8:5-75
	android:name
		ADDED from src\main\AndroidManifest.xml:8:22-72
uses-permission#android.permission.READ_EXTERNAL_STORAGE
ADDED from src\main\AndroidManifest.xml:9:5-80
	android:name
		ADDED from src\main\AndroidManifest.xml:9:22-77
uses-permission#android.permission.MOUNT_UNMOUNT_FILESYSTEMS
ADDED from src\main\AndroidManifest.xml:10:5-84
	android:name
		ADDED from src\main\AndroidManifest.xml:10:22-81
uses-permission#android.permission.CAMERA
ADDED from src\main\AndroidManifest.xml:12:5-65
	android:name
		ADDED from src\main\AndroidManifest.xml:12:22-62
uses-permission#android.permission.ACCESS_WIFI_STATE
ADDED from src\main\AndroidManifest.xml:14:5-76
	android:name
		ADDED from src\main\AndroidManifest.xml:14:22-73
uses-permission#android.permission.CHANGE_WIFI_STATE
ADDED from src\main\AndroidManifest.xml:15:5-76
	android:name
		ADDED from src\main\AndroidManifest.xml:15:22-73
uses-permission#android.permission.ACCESS_NETWORK_STATE
ADDED from src\main\AndroidManifest.xml:16:5-79
	android:name
		ADDED from src\main\AndroidManifest.xml:16:22-76
uses-permission#android.permission.VIBRATE
ADDED from src\main\AndroidManifest.xml:19:5-65
	android:name
		ADDED from src\main\AndroidManifest.xml:19:22-63
uses-permission#android.permission.RECORD_AUDIO
ADDED from src\main\AndroidManifest.xml:22:5-70
	android:name
		ADDED from src\main\AndroidManifest.xml:22:22-68
uses-feature#android.hardware.Camera
ADDED from src\main\AndroidManifest.xml:24:5-59
	android:name
		ADDED from src\main\AndroidManifest.xml:24:19-57
uses-feature#android.hardware.Camera.autoFocus
ADDED from src\main\AndroidManifest.xml:25:5-69
	android:name
		ADDED from src\main\AndroidManifest.xml:25:19-67
permission#android.permission.FLASHLIGHT
ADDED from src\main\AndroidManifest.xml:26:5-29:43
	android:protectionLevel
		ADDED from src\main\AndroidManifest.xml:29:9-41
	android:permissionGroup
		ADDED from src\main\AndroidManifest.xml:28:9-77
	android:name
		ADDED from src\main\AndroidManifest.xml:27:9-53
uses-permission#android.intent.action.HOME_ENABLED
ADDED from src\main\AndroidManifest.xml:33:5-90
	android:name
		ADDED from src\main\AndroidManifest.xml:33:22-71
uses-permission#android.intent.action.MENU_ENABLED
ADDED from src\main\AndroidManifest.xml:35:5-90
	android:name
		ADDED from src\main\AndroidManifest.xml:35:22-71
uses-permission#android.intent.action.PANEL_ENABLED
ADDED from src\main\AndroidManifest.xml:37:5-91
	android:name
		ADDED from src\main\AndroidManifest.xml:37:22-72
uses-sdk
ADDED from src\main\AndroidManifest.xml:38:5-40:41
MERGED from [DrugeManagement:boommenu:unspecified] AndroidManifest.xml:7:5-9:41
MERGED from [com.android.support:design:26.0.2] AndroidManifest.xml:21:5-23:62
MERGED from [com.android.support:recyclerview-v7:26.0.2] AndroidManifest.xml:20:5-44
MERGED from [com.android.support:transition:26.0.2] AndroidManifest.xml:20:5-44
MERGED from [com.android.support.constraint:constraint-layout:1.0.2] AndroidManifest.xml:5:5-7:41
MERGED from [org.wysaid:gpuimage-plus:2.5.1] AndroidManifest.xml:7:5-9:41
MERGED from [de.hdodenhof:circleimageview:2.0.0] AndroidManifest.xml:5:5-7:41
MERGED from [DrugeManagement:library:unspecified] AndroidManifest.xml:8:5-10:41
MERGED from [com.android.support:appcompat-v7:26.0.2] AndroidManifest.xml:21:5-23:78
MERGED from [com.android.support:support-v4:26.0.2] AndroidManifest.xml:21:5-23:54
MERGED from [com.android.support:support-media-compat:26.0.2] AndroidManifest.xml:21:5-23:63
MERGED from [com.android.support:support-fragment:26.0.2] AndroidManifest.xml:21:5-23:60
MERGED from [com.android.support:support-core-utils:26.0.2] AndroidManifest.xml:21:5-23:61
MERGED from [com.android.support:animated-vector-drawable:26.0.2] AndroidManifest.xml:20:5-44
MERGED from [com.android.support:support-vector-drawable:26.0.2] AndroidManifest.xml:20:5-44
MERGED from [com.android.support:support-core-ui:26.0.2] AndroidManifest.xml:21:5-23:58
MERGED from [com.jakewharton:butterknife:8.5.1] AndroidManifest.xml:5:5-43
MERGED from [com.android.support:support-compat:26.0.2] AndroidManifest.xml:21:5-23:58
MERGED from [com.github.CymChad:BaseRecyclerViewAdapterHelper:2.9.24] AndroidManifest.xml:7:5-9:41
	tools:overrideLibrary
		ADDED from [com.android.support:design:26.0.2] AndroidManifest.xml:23:9-59
	android:targetSdkVersion
		ADDED from src\main\AndroidManifest.xml:40:9-38
		INJECTED from src\main\AndroidManifest.xml
		INJECTED from src\main\AndroidManifest.xml
	android:minSdkVersion
		ADDED from src\main\AndroidManifest.xml:39:9-35
		INJECTED from src\main\AndroidManifest.xml
		INJECTED from src\main\AndroidManifest.xml
uses-permission#android.permission.BLUETOOTH
ADDED from src\main\AndroidManifest.xml:42:5-68
	android:name
		ADDED from src\main\AndroidManifest.xml:42:22-65
application
ADDED from src\main\AndroidManifest.xml:43:5-125:19
MERGED from [DrugeManagement:boommenu:unspecified] AndroidManifest.xml:11:5-14:19
MERGED from [com.android.support:design:26.0.2] AndroidManifest.xml:25:5-29:19
MERGED from [com.android.support:recyclerview-v7:26.0.2] AndroidManifest.xml:22:5-26:19
MERGED from [com.android.support:transition:26.0.2] AndroidManifest.xml:22:5-26:19
MERGED from [com.android.support.constraint:constraint-layout:1.0.2] AndroidManifest.xml:9:5-20
MERGED from [org.wysaid:gpuimage-plus:2.5.1] AndroidManifest.xml:11:5-14:19
MERGED from [de.hdodenhof:circleimageview:2.0.0] AndroidManifest.xml:9:5-20
MERGED from [DrugeManagement:library:unspecified] AndroidManifest.xml:12:5-20
MERGED from [com.android.support:appcompat-v7:26.0.2] AndroidManifest.xml:25:5-29:19
MERGED from [com.android.support:support-v4:26.0.2] AndroidManifest.xml:25:5-29:19
MERGED from [com.android.support:support-media-compat:26.0.2] AndroidManifest.xml:25:5-29:19
MERGED from [com.android.support:support-fragment:26.0.2] AndroidManifest.xml:25:5-29:19
MERGED from [com.android.support:support-core-utils:26.0.2] AndroidManifest.xml:25:5-29:19
MERGED from [com.android.support:animated-vector-drawable:26.0.2] AndroidManifest.xml:22:5-26:19
MERGED from [com.android.support:support-vector-drawable:26.0.2] AndroidManifest.xml:22:5-26:19
MERGED from [com.android.support:support-core-ui:26.0.2] AndroidManifest.xml:25:5-29:19
MERGED from [com.android.support:support-compat:26.0.2] AndroidManifest.xml:25:5-29:19
	android:label
		ADDED from src\main\AndroidManifest.xml:46:9-41
	android:supportsRtl
		ADDED from src\main\AndroidManifest.xml:49:9-35
	android:hardwareAccelerated
		ADDED from src\main\AndroidManifest.xml:50:9-44
	android:allowBackup
		ADDED from src\main\AndroidManifest.xml:44:9-35
	android:icon
		ADDED from src\main\AndroidManifest.xml:45:9-45
	android:largeHeap
		ADDED from src\main\AndroidManifest.xml:48:9-33
	android:theme
		ADDED from src\main\AndroidManifest.xml:47:9-43
activity#com.example.druge.ui.activity.UHFMainActivity
ADDED from src\main\AndroidManifest.xml:52:9-57:20
	android:screenOrientation
		ADDED from src\main\AndroidManifest.xml:54:13-49
	android:label
		ADDED from src\main\AndroidManifest.xml:55:13-45
	android:name
		ADDED from src\main\AndroidManifest.xml:53:13-73
activity#com.example.druge.ui.activity.LoginActivity
ADDED from src\main\AndroidManifest.xml:70:9-78:20
	android:theme
		ADDED from src\main\AndroidManifest.xml:71:13-60
	android:name
		ADDED from src\main\AndroidManifest.xml:70:19-77
intent-filter#android.intent.action.MAIN+android.intent.category.LAUNCHER
ADDED from src\main\AndroidManifest.xml:73:13-77:29
action#android.intent.action.MAIN
ADDED from src\main\AndroidManifest.xml:74:17-69
	android:name
		ADDED from src\main\AndroidManifest.xml:74:25-66
category#android.intent.category.LAUNCHER
ADDED from src\main\AndroidManifest.xml:76:17-77
	android:name
		ADDED from src\main\AndroidManifest.xml:76:27-74
activity#com.example.druge.ui.activity.HomeActivity
ADDED from src\main\AndroidManifest.xml:80:9-85:20
	android:configChanges
		ADDED from src\main\AndroidManifest.xml:82:13-74
	android:theme
		ADDED from src\main\AndroidManifest.xml:81:13-49
	android:name
		ADDED from src\main\AndroidManifest.xml:80:19-76
activity#com.example.druge.ui.activity.AboutInfoActivity
ADDED from src\main\AndroidManifest.xml:87:5-79
	android:name
		ADDED from src\main\AndroidManifest.xml:87:15-77
activity#com.example.druge.ui.activity.PdaParamSettingActivity
ADDED from src\main\AndroidManifest.xml:89:9-89
	android:name
		ADDED from src\main\AndroidManifest.xml:89:19-87
activity#com.example.druge.ui.activity.UserInfoSettingActivity
ADDED from src\main\AndroidManifest.xml:91:9-89
	android:name
		ADDED from src\main\AndroidManifest.xml:91:19-87
activity#com.example.druge.ui.activity.TaskListInfoActivity
ADDED from src\main\AndroidManifest.xml:93:4-91
	android:name
		ADDED from src\main\AndroidManifest.xml:93:14-79
activity#com.example.druge.ui.activity.InventoryOperationActivity
ADDED from src\main\AndroidManifest.xml:97:9-99:20
	android:name
		ADDED from src\main\AndroidManifest.xml:97:19-90
activity#com.example.druge.ui.activity.AssetsAddInfoActivity
ADDED from src\main\AndroidManifest.xml:101:9-97
	android:name
		ADDED from src\main\AndroidManifest.xml:101:19-85
activity#com.example.druge.ui.activity.AssetsLoanInfoActivity
ADDED from src\main\AndroidManifest.xml:104:9-98
	android:name
		ADDED from src\main\AndroidManifest.xml:104:19-86
activity#com.example.druge.ui.activity.ReplaceOperationActivity
ADDED from src\main\AndroidManifest.xml:106:9-108:25
	android:theme
		ADDED from src\main\AndroidManifest.xml:107:13-46
	android:name
		ADDED from src\main\AndroidManifest.xml:106:19-88
activity#com.example.druge.ui.activity.SettingActionUrlActivity
ADDED from src\main\AndroidManifest.xml:110:9-113:20
	android:name
		ADDED from src\main\AndroidManifest.xml:110:19-88
activity#com.example.druge.ui.activity.LocalhostDataCommitOrRollbackActivity
ADDED from src\main\AndroidManifest.xml:115:9-124:20
	android:theme
		ADDED from src\main\AndroidManifest.xml:116:13-48
	android:name
		ADDED from src\main\AndroidManifest.xml:115:19-84
uses-permission#android.permission.disable_keyguard
ADDED from src\main\AndroidManifest.xml:129:5-130:61
	android:name
		ADDED from src\main\AndroidManifest.xml:130:9-59
uses-permission#android.permission.RECEIVE_BOOT_COMPLETED
ADDED from src\main\AndroidManifest.xml:131:5-81
	android:name
		ADDED from src\main\AndroidManifest.xml:131:22-78
meta-data#android.support.VERSION
ADDED from [com.android.support:design:26.0.2] AndroidManifest.xml:26:9-28:38
MERGED from [com.android.support:recyclerview-v7:26.0.2] AndroidManifest.xml:23:9-25:38
MERGED from [com.android.support:transition:26.0.2] AndroidManifest.xml:23:9-25:38
MERGED from [com.android.support:appcompat-v7:26.0.2] AndroidManifest.xml:26:9-28:38
MERGED from [com.android.support:support-v4:26.0.2] AndroidManifest.xml:26:9-28:38
MERGED from [com.android.support:support-media-compat:26.0.2] AndroidManifest.xml:26:9-28:38
MERGED from [com.android.support:support-fragment:26.0.2] AndroidManifest.xml:26:9-28:38
MERGED from [com.android.support:support-core-utils:26.0.2] AndroidManifest.xml:26:9-28:38
MERGED from [com.android.support:animated-vector-drawable:26.0.2] AndroidManifest.xml:23:9-25:38
MERGED from [com.android.support:support-vector-drawable:26.0.2] AndroidManifest.xml:23:9-25:38
MERGED from [com.android.support:support-core-ui:26.0.2] AndroidManifest.xml:26:9-28:38
MERGED from [com.android.support:support-compat:26.0.2] AndroidManifest.xml:26:9-28:38
	android:value
		ADDED from [com.android.support:design:26.0.2] AndroidManifest.xml:28:13-35
	android:name
		ADDED from [com.android.support:design:26.0.2] AndroidManifest.xml:27:13-51